<?xml version="1.0" encoding="UTF-8"?>
<!-- Generated by org.testng.reporters.JUnitReportReporter -->
<testsuite hostname="SC-CAF-CND84305MY" failures="0" tests="3" name="com.automation.testcases.LoginTest" time="8.264" errors="0" timestamp="2024-07-05T15:23:48 IST" skipped="0">
  <testcase classname="com.automation.testcases.LoginTest" name="loginApp" time="0.265"/>
  <system-out/>
  <testcase classname="com.automation.testcases.LoginTest" name="loginApp1" time="7.778"/>
  <system-out/>
  <testcase classname="com.automation.testcases.LoginTest" name="loginApp2" time="0.221"/>
  <system-out/>
</testsuite> <!-- com.automation.testcases.LoginTest -->
